Determining if the pthread_create exist failed with the following output:
Change Dir: /home/seungbeom/franka_ws/build/panda_simulator_examples/CMakeFiles/CMakeTmp

Run Build Command:"/usr/bin/make" "cmTC_fcda6/fast"
/usr/bin/make -f CMakeFiles/cmTC_fcda6.dir/build.make CMakeFiles/cmTC_fcda6.dir/build
make[1]: Entering directory '/home/seungbeom/franka_ws/build/panda_simulator_examples/CMakeFiles/CMakeTmp'
Building C object CMakeFiles/cmTC_fcda6.dir/CheckSymbolExists.c.o
/usr/bin/cc    -o CMakeFiles/cmTC_fcda6.dir/CheckSymbolExists.c.o   -c /home/seungbeom/franka_ws/build/panda_simulator_examples/CMakeFiles/CMakeTmp/CheckSymbolExists.c
Linking C executable cmTC_fcda6
/usr/bin/cmake -E cmake_link_script CMakeFiles/cmTC_fcda6.dir/link.txt --verbose=1
/usr/bin/cc      -rdynamic CMakeFiles/cmTC_fcda6.dir/CheckSymbolExists.c.o  -o cmTC_fcda6 
CMakeFiles/cmTC_fcda6.dir/CheckSymbolExists.c.o: In function `main':
CheckSymbolExists.c:(.text+0x1b): undefined reference to `pthread_create'
collect2: error: ld returned 1 exit status
CMakeFiles/cmTC_fcda6.dir/build.make:97: recipe for target 'cmTC_fcda6' failed
make[1]: *** [cmTC_fcda6] Error 1
make[1]: Leaving directory '/home/seungbeom/franka_ws/build/panda_simulator_examples/CMakeFiles/CMakeTmp'
Makefile:126: recipe for target 'cmTC_fcda6/fast' failed
make: *** [cmTC_fcda6/fast] Error 2

File /home/seungbeom/franka_ws/build/panda_simulator_examples/CMakeFiles/CMakeTmp/CheckSymbolExists.c:
/* */
#include <pthread.h>

int main(int argc, char** argv)
{
  (void)argv;
#ifndef pthread_create
  return ((int*)(&pthread_create))[argc];
#else
  (void)argc;
  return 0;
#endif
}

Determining if the function pthread_create exists in the pthreads failed with the following output:
Change Dir: /home/seungbeom/franka_ws/build/panda_simulator_examples/CMakeFiles/CMakeTmp

Run Build Command:"/usr/bin/make" "cmTC_f17fa/fast"
/usr/bin/make -f CMakeFiles/cmTC_f17fa.dir/build.make CMakeFiles/cmTC_f17fa.dir/build
make[1]: Entering directory '/home/seungbeom/franka_ws/build/panda_simulator_examples/CMakeFiles/CMakeTmp'
Building C object CMakeFiles/cmTC_f17fa.dir/CheckFunctionExists.c.o
/usr/bin/cc   -DCHECK_FUNCTION_EXISTS=pthread_create   -o CMakeFiles/cmTC_f17fa.dir/CheckFunctionExists.c.o   -c /usr/share/cmake-3.10/Modules/CheckFunctionExists.c
Linking C executable cmTC_f17fa
/usr/bin/cmake -E cmake_link_script CMakeFiles/cmTC_f17fa.dir/link.txt --verbose=1
/usr/bin/cc  -DCHECK_FUNCTION_EXISTS=pthread_create    -rdynamic CMakeFiles/cmTC_f17fa.dir/CheckFunctionExists.c.o  -o cmTC_f17fa -lpthreads 
/usr/bin/ld: cannot find -lpthreads
collect2: error: ld returned 1 exit status
CMakeFiles/cmTC_f17fa.dir/build.make:97: recipe for target 'cmTC_f17fa' failed
make[1]: *** [cmTC_f17fa] Error 1
make[1]: Leaving directory '/home/seungbeom/franka_ws/build/panda_simulator_examples/CMakeFiles/CMakeTmp'
Makefile:126: recipe for target 'cmTC_f17fa/fast' failed
make: *** [cmTC_f17fa/fast] Error 2


