Determining if the pthread_create exist failed with the following output:
Change Dir: /home/seungbeom/franka_ws/build/franka_core_msgs/CMakeFiles/CMakeTmp

Run Build Command:"/usr/bin/make" "cmTC_ce4af/fast"
/usr/bin/make -f CMakeFiles/cmTC_ce4af.dir/build.make CMakeFiles/cmTC_ce4af.dir/build
make[1]: Entering directory '/home/seungbeom/franka_ws/build/franka_core_msgs/CMakeFiles/CMakeTmp'
Building C object CMakeFiles/cmTC_ce4af.dir/CheckSymbolExists.c.o
/usr/bin/cc    -o CMakeFiles/cmTC_ce4af.dir/CheckSymbolExists.c.o   -c /home/seungbeom/franka_ws/build/franka_core_msgs/CMakeFiles/CMakeTmp/CheckSymbolExists.c
Linking C executable cmTC_ce4af
/usr/bin/cmake -E cmake_link_script CMakeFiles/cmTC_ce4af.dir/link.txt --verbose=1
/usr/bin/cc      -rdynamic CMakeFiles/cmTC_ce4af.dir/CheckSymbolExists.c.o  -o cmTC_ce4af 
CMakeFiles/cmTC_ce4af.dir/CheckSymbolExists.c.o: In function `main':
CheckSymbolExists.c:(.text+0x1b): undefined reference to `pthread_create'
collect2: error: ld returned 1 exit status
CMakeFiles/cmTC_ce4af.dir/build.make:97: recipe for target 'cmTC_ce4af' failed
make[1]: *** [cmTC_ce4af] Error 1
make[1]: Leaving directory '/home/seungbeom/franka_ws/build/franka_core_msgs/CMakeFiles/CMakeTmp'
Makefile:126: recipe for target 'cmTC_ce4af/fast' failed
make: *** [cmTC_ce4af/fast] Error 2

File /home/seungbeom/franka_ws/build/franka_core_msgs/CMakeFiles/CMakeTmp/CheckSymbolExists.c:
/* */
#include <pthread.h>

int main(int argc, char** argv)
{
  (void)argv;
#ifndef pthread_create
  return ((int*)(&pthread_create))[argc];
#else
  (void)argc;
  return 0;
#endif
}

Determining if the function pthread_create exists in the pthreads failed with the following output:
Change Dir: /home/seungbeom/franka_ws/build/franka_core_msgs/CMakeFiles/CMakeTmp

Run Build Command:"/usr/bin/make" "cmTC_ac52a/fast"
/usr/bin/make -f CMakeFiles/cmTC_ac52a.dir/build.make CMakeFiles/cmTC_ac52a.dir/build
make[1]: Entering directory '/home/seungbeom/franka_ws/build/franka_core_msgs/CMakeFiles/CMakeTmp'
Building C object CMakeFiles/cmTC_ac52a.dir/CheckFunctionExists.c.o
/usr/bin/cc   -DCHECK_FUNCTION_EXISTS=pthread_create   -o CMakeFiles/cmTC_ac52a.dir/CheckFunctionExists.c.o   -c /usr/share/cmake-3.10/Modules/CheckFunctionExists.c
Linking C executable cmTC_ac52a
/usr/bin/cmake -E cmake_link_script CMakeFiles/cmTC_ac52a.dir/link.txt --verbose=1
/usr/bin/cc  -DCHECK_FUNCTION_EXISTS=pthread_create    -rdynamic CMakeFiles/cmTC_ac52a.dir/CheckFunctionExists.c.o  -o cmTC_ac52a -lpthreads 
/usr/bin/ld: cannot find -lpthreads
collect2: error: ld returned 1 exit status
CMakeFiles/cmTC_ac52a.dir/build.make:97: recipe for target 'cmTC_ac52a' failed
make[1]: *** [cmTC_ac52a] Error 1
make[1]: Leaving directory '/home/seungbeom/franka_ws/build/franka_core_msgs/CMakeFiles/CMakeTmp'
Makefile:126: recipe for target 'cmTC_ac52a/fast' failed
make: *** [cmTC_ac52a/fast] Error 2


