Determining if the pthread_create exist failed with the following output:
Change Dir: /home/seungbeom/franka_ws/build/panda_sim_moveit/CMakeFiles/CMakeTmp

Run Build Command:"/usr/bin/make" "cmTC_85de7/fast"
/usr/bin/make -f CMakeFiles/cmTC_85de7.dir/build.make CMakeFiles/cmTC_85de7.dir/build
make[1]: Entering directory '/home/seungbeom/franka_ws/build/panda_sim_moveit/CMakeFiles/CMakeTmp'
Building C object CMakeFiles/cmTC_85de7.dir/CheckSymbolExists.c.o
/usr/bin/cc    -o CMakeFiles/cmTC_85de7.dir/CheckSymbolExists.c.o   -c /home/seungbeom/franka_ws/build/panda_sim_moveit/CMakeFiles/CMakeTmp/CheckSymbolExists.c
Linking C executable cmTC_85de7
/usr/bin/cmake -E cmake_link_script CMakeFiles/cmTC_85de7.dir/link.txt --verbose=1
/usr/bin/cc      -rdynamic CMakeFiles/cmTC_85de7.dir/CheckSymbolExists.c.o  -o cmTC_85de7 
CMakeFiles/cmTC_85de7.dir/CheckSymbolExists.c.o: In function `main':
CheckSymbolExists.c:(.text+0x1b): undefined reference to `pthread_create'
collect2: error: ld returned 1 exit status
CMakeFiles/cmTC_85de7.dir/build.make:97: recipe for target 'cmTC_85de7' failed
make[1]: *** [cmTC_85de7] Error 1
make[1]: Leaving directory '/home/seungbeom/franka_ws/build/panda_sim_moveit/CMakeFiles/CMakeTmp'
Makefile:126: recipe for target 'cmTC_85de7/fast' failed
make: *** [cmTC_85de7/fast] Error 2

File /home/seungbeom/franka_ws/build/panda_sim_moveit/CMakeFiles/CMakeTmp/CheckSymbolExists.c:
/* */
#include <pthread.h>

int main(int argc, char** argv)
{
  (void)argv;
#ifndef pthread_create
  return ((int*)(&pthread_create))[argc];
#else
  (void)argc;
  return 0;
#endif
}

Determining if the function pthread_create exists in the pthreads failed with the following output:
Change Dir: /home/seungbeom/franka_ws/build/panda_sim_moveit/CMakeFiles/CMakeTmp

Run Build Command:"/usr/bin/make" "cmTC_814eb/fast"
/usr/bin/make -f CMakeFiles/cmTC_814eb.dir/build.make CMakeFiles/cmTC_814eb.dir/build
make[1]: Entering directory '/home/seungbeom/franka_ws/build/panda_sim_moveit/CMakeFiles/CMakeTmp'
Building C object CMakeFiles/cmTC_814eb.dir/CheckFunctionExists.c.o
/usr/bin/cc   -DCHECK_FUNCTION_EXISTS=pthread_create   -o CMakeFiles/cmTC_814eb.dir/CheckFunctionExists.c.o   -c /usr/share/cmake-3.10/Modules/CheckFunctionExists.c
Linking C executable cmTC_814eb
/usr/bin/cmake -E cmake_link_script CMakeFiles/cmTC_814eb.dir/link.txt --verbose=1
/usr/bin/cc  -DCHECK_FUNCTION_EXISTS=pthread_create    -rdynamic CMakeFiles/cmTC_814eb.dir/CheckFunctionExists.c.o  -o cmTC_814eb -lpthreads 
/usr/bin/ld: cannot find -lpthreads
collect2: error: ld returned 1 exit status
CMakeFiles/cmTC_814eb.dir/build.make:97: recipe for target 'cmTC_814eb' failed
make[1]: *** [cmTC_814eb] Error 1
make[1]: Leaving directory '/home/seungbeom/franka_ws/build/panda_sim_moveit/CMakeFiles/CMakeTmp'
Makefile:126: recipe for target 'cmTC_814eb/fast' failed
make: *** [cmTC_814eb/fast] Error 2


